  Main.cpp
C:\Users\ethan\Documents\Projet\En cours\C C++\Disney GPS\Disney_GPS\Main.cpp(506,58): warning C4267: 'argument' : conversion de 'size_t' en 'int', perte possible de données
C:\Users\ethan\Documents\Projet\En cours\C C++\Disney GPS\Disney_GPS\Main.cpp(506,108): warning C4267: 'argument' : conversion de 'size_t' en 'int', perte possible de données
C:\Users\ethan\Documents\Projet\En cours\C C++\Disney GPS\Disney_GPS\Main.cpp(784,15): warning C4244: 'argument' : conversion de 'time_t' en 'unsigned int', perte possible de données
C:\Program Files\Microsoft Visual Studio\2022\Community\VC\Tools\MSVC\14.38.33130\include\utility(271,16): warning C4244: 'initialisation' : conversion de 'const _Ty1' en '_Ty1', perte possible de données
C:\Program Files\Microsoft Visual Studio\2022\Community\VC\Tools\MSVC\14.38.33130\include\utility(271,16): warning C4244:         with
C:\Program Files\Microsoft Visual Studio\2022\Community\VC\Tools\MSVC\14.38.33130\include\utility(271,16): warning C4244:         [
C:\Program Files\Microsoft Visual Studio\2022\Community\VC\Tools\MSVC\14.38.33130\include\utility(271,16): warning C4244:             _Ty1=double
C:\Program Files\Microsoft Visual Studio\2022\Community\VC\Tools\MSVC\14.38.33130\include\utility(271,16): warning C4244:         ]
C:\Program Files\Microsoft Visual Studio\2022\Community\VC\Tools\MSVC\14.38.33130\include\utility(271,16): warning C4244:         and
C:\Program Files\Microsoft Visual Studio\2022\Community\VC\Tools\MSVC\14.38.33130\include\utility(271,16): warning C4244:         [
C:\Program Files\Microsoft Visual Studio\2022\Community\VC\Tools\MSVC\14.38.33130\include\utility(271,16): warning C4244:             _Ty1=int
C:\Program Files\Microsoft Visual Studio\2022\Community\VC\Tools\MSVC\14.38.33130\include\utility(271,16): warning C4244:         ]
  (compiler le fichier source 'Main.cpp')
  C:\Program Files\Microsoft Visual Studio\2022\Community\VC\Tools\MSVC\14.38.33130\include\utility(271,16):
  le contexte d’instanciation du modèle (le plus ancien) est
  	C:\Users\ethan\Documents\Projet\En cours\C C++\Disney GPS\Disney_GPS\Main.cpp(638,43):
  	voir la référence à l'instanciation de la fonction modèle 'std::pair<int,std::vector<int,std::allocator<int>>>::pair<double,std::vector<int,std::allocator<int>>,0>(const std::pair<double,std::vector<int,std::allocator<int>>> &) noexcept(false)' en cours de compilation
  		C:\Users\ethan\Documents\Projet\En cours\C C++\Disney GPS\Disney_GPS\Main.cpp(638,31):
  		voir la première référence à « std::pair<int,std::vector<int,std::allocator<int>>>::pair » dans « regenerationPath »
  
C:\Program Files\Microsoft Visual Studio\2022\Community\VC\Tools\MSVC\14.38.33130\include\utility(250,16): warning C4244: 'initialisation' : conversion de 'double' en '_Ty1', perte possible de données
C:\Program Files\Microsoft Visual Studio\2022\Community\VC\Tools\MSVC\14.38.33130\include\utility(250,16): warning C4244:         with
C:\Program Files\Microsoft Visual Studio\2022\Community\VC\Tools\MSVC\14.38.33130\include\utility(250,16): warning C4244:         [
C:\Program Files\Microsoft Visual Studio\2022\Community\VC\Tools\MSVC\14.38.33130\include\utility(250,16): warning C4244:             _Ty1=int
C:\Program Files\Microsoft Visual Studio\2022\Community\VC\Tools\MSVC\14.38.33130\include\utility(250,16): warning C4244:         ]
  (compiler le fichier source 'Main.cpp')
  C:\Program Files\Microsoft Visual Studio\2022\Community\VC\Tools\MSVC\14.38.33130\include\utility(250,16):
  le contexte d’instanciation du modèle (le plus ancien) est
  	C:\Users\ethan\Documents\Projet\En cours\C C++\Disney GPS\Disney_GPS\Main.cpp(673,31):
  	voir la référence à l'instanciation de la fonction modèle 'std::pair<int,std::vector<int,std::allocator<int>>>::pair<double&,std::vector<int,std::allocator<int>>&,0>(_Other1,_Other2) noexcept(false)' en cours de compilation
          with
          [
              _Other1=double &,
              _Other2=std::vector<int,std::allocator<int>> &
          ]
  		C:\Users\ethan\Documents\Projet\En cours\C C++\Disney GPS\Disney_GPS\Main.cpp(673,30):
  		voir la première référence à « std::pair<int,std::vector<int,std::allocator<int>>>::pair » dans « regenerationPath »
  
  Disney_GPS.vcxproj -> C:\Users\ethan\Documents\Projet\En cours\C C++\Disney GPS\Disney_GPS\x64\Debug\Disney_GPS.exe
